<?xml version="1.0" encoding="UTF-8"?>
<testsuite xmlns:xsi="http://www.w3.org/2001/XMLSchema-instance" xsi:noNamespaceSchemaLocation="https://maven.apache.org/surefire/maven-surefire-plugin/xsd/surefire-test-report-3.0.xsd" version="3.0" name="com.library.calculatorclientadvservice.CalculatorClientAdvServiceApplicationTests" time="1.343" tests="1" errors="0" skipped="0" failures="0">
  <properties>
[...]
</properties>
  <testcase name="contextLoads" classname="com.library.calculatorclientadvservice.CalculatorClientAdvServiceApplicationTests" time="0.435">
    <system-out><![CDATA[10:56:11.038 [main] INFO org.springframework.test.context.support.AnnotationConfigContextLoaderUtils -- Could not detect default configuration classes for test class [com.library.calculatorclientadvservice.CalculatorClientAdvServiceApplicationTests]: CalculatorClientAdvServiceApplicationTests does not declare any static, non-private, non-final, nested classes annotated with @Configuration.
10:56:11.081 [main] INFO org.springframework.boot.test.context.SpringBootTestContextBootstrapper -- Found @SpringBootConfiguration com.library.calculatorclientadvservice.CalculatorClientAdvServiceApplication for test class com.library.calculatorclientadvservice.CalculatorClientAdvServiceApplicationTests

  .   ____          _            __ _ _
 /\\ / ___'_ __ _ _(_)_ __  __ _ \ \ \ \
( ( )\___ | '_ | '_| | '_ \/ _` | \ \ \ \
 \\/  ___)| |_)| | | | | || (_| |  ) ) ) )
  '  |____| .__|_| |_|_| |_\__, | / / / /
 =========|_|==============|___/=/_/_/_/

 :: Spring Boot ::                (v3.3.2)

2024-07-24T10:56:11.300+05:00  INFO 13398 --- [calculator-client-adv-service] [           main] lculatorClientAdvServiceApplicationTests : Starting CalculatorClientAdvServiceApplicationTests using Java 22.0.1 with PID 13398 (started by abdulaxad in /Users/abdulaxad/eclipse-workspace/calculator-client-adv-service)
2024-07-24T10:56:11.301+05:00  INFO 13398 --- [calculator-client-adv-service] [           main] lculatorClientAdvServiceApplicationTests : No active profile set, falling back to 1 default profile: "default"
2024-07-24T10:56:11.853+05:00  INFO 13398 --- [calculator-client-adv-service] [           main] lculatorClientAdvServiceApplicationTests : Started CalculatorClientAdvServiceApplicationTests in 0.718 seconds (process running for 1.144)
]]></system-out>
    <system-err><![CDATA[WARNING: A Java agent has been loaded dynamically (/Users/abdulaxad/.m2/repository/net/bytebuddy/byte-buddy-agent/1.14.18/byte-buddy-agent-1.14.18.jar)
WARNING: If a serviceability tool is in use, please run with -XX:+EnableDynamicAgentLoading to hide this warning
WARNING: If a serviceability tool is not in use, please run with -Djdk.instrument.traceUsage for more information
WARNING: Dynamic loading of agents will be disallowed by default in a future release
]]></system-err>
  </testcase>
</testsuite>